Replace Part C1 Cap Semi in E:\Desktop\PCB\MotorPCB\motor.SchDoc with Cap Semi from Miscellaneous Devices.IntLib
Replace Part C2 Cap Semi in E:\Desktop\PCB\MotorPCB\motor.SchDoc with Cap Semi from Miscellaneous Devices.IntLib
Replace Part C3 Cap Semi in E:\Desktop\PCB\MotorPCB\motor.SchDoc with Cap Semi from Miscellaneous Devices.IntLib
Replace Part C4 Cap Semi in E:\Desktop\PCB\MotorPCB\motor.SchDoc with Cap Semi from Miscellaneous Devices.IntLib
Replace Part C5 Cap Semi in E:\Desktop\PCB\MotorPCB\motor.SchDoc with Cap Semi from Miscellaneous Devices.IntLib
Replace Part C6 Cap Semi in E:\Desktop\PCB\MotorPCB\motor.SchDoc with Cap Semi from Miscellaneous Devices.IntLib
Replace Part C7 Cap Semi in E:\Desktop\PCB\MotorPCB\motor.SchDoc with Cap Semi from Miscellaneous Devices.IntLib
Replace Part C8 Cap Semi in E:\Desktop\PCB\MotorPCB\motor.SchDoc with Cap Semi from Miscellaneous Devices.IntLib
Replace Part C9 Cap Semi in E:\Desktop\PCB\MotorPCB\motor.SchDoc with Cap Semi from Miscellaneous Devices.IntLib
Replace Part CONN1 JST-5_1 in E:\Desktop\PCB\MotorPCB\motor.SchDoc with JST-5_1 from motor.SchLib
Replace Part CONN2 Hdr 5 Pin 0.1 in E:\Desktop\PCB\MotorPCB\motor.SchDoc with Hdr 5 Pin 0.1 from motor.SchLib
Replace Part CONN3 JST-4 in E:\Desktop\PCB\MotorPCB\motor.SchDoc with JST-4 from motor.SchLib
Replace Part D1 LED 603 Gr in E:\Desktop\PCB\MotorPCB\motor.SchDoc with LED 603 Gr from motor.SchLib
Replace Part D2 LED 603 Bl in E:\Desktop\PCB\MotorPCB\motor.SchDoc with LED 603 Bl from motor.SchLib
Replace Part D3 LED 603 Bl in E:\Desktop\PCB\MotorPCB\motor.SchDoc with LED 603 Bl from motor.SchLib
Replace Part R1 Res3 in E:\Desktop\PCB\MotorPCB\motor.SchDoc with Res3 from Miscellaneous Devices.IntLib
Replace Part R2 Res3 in E:\Desktop\PCB\MotorPCB\motor.SchDoc with Res3 from Miscellaneous Devices.IntLib
Replace Part R3 Res3 in E:\Desktop\PCB\MotorPCB\motor.SchDoc with Res3 from Miscellaneous Devices.IntLib
Replace Part R4 Res3 in E:\Desktop\PCB\MotorPCB\motor.SchDoc with Res3 from Miscellaneous Devices.IntLib
Replace Part R5 Res3 in E:\Desktop\PCB\MotorPCB\motor.SchDoc with Res3 from Miscellaneous Devices.IntLib
Replace Part R6 Res3 in E:\Desktop\PCB\MotorPCB\motor.SchDoc with Res3 from Miscellaneous Devices.IntLib
Replace Part R7 Res3 in E:\Desktop\PCB\MotorPCB\motor.SchDoc with Res3 from Miscellaneous Devices.IntLib
Replace Part R8 Res3 in E:\Desktop\PCB\MotorPCB\motor.SchDoc with Res3 from Miscellaneous Devices.IntLib
Replace Part R9 Res3 in E:\Desktop\PCB\MotorPCB\motor.SchDoc with Res3 from Miscellaneous Devices.IntLib
Replace Part R10 Res3 in E:\Desktop\PCB\MotorPCB\motor.SchDoc with Res3 from Miscellaneous Devices.IntLib
Replace Part R11 Res3 in E:\Desktop\PCB\MotorPCB\motor.SchDoc with Res3 from Miscellaneous Devices.IntLib
Replace Part R12 Res3 in E:\Desktop\PCB\MotorPCB\motor.SchDoc with Res3 from Miscellaneous Devices.IntLib
Replace Part R13 Res3 in E:\Desktop\PCB\MotorPCB\motor.SchDoc with Res3 from Miscellaneous Devices.IntLib
Replace Part R14 Res3 in E:\Desktop\PCB\MotorPCB\motor.SchDoc with Res3 from Miscellaneous Devices.IntLib
Replace Part R15 Res3 in E:\Desktop\PCB\MotorPCB\motor.SchDoc with Res3 from Miscellaneous Devices.IntLib
Replace Part R16 Res3 in E:\Desktop\PCB\MotorPCB\motor.SchDoc with Res3 from Miscellaneous Devices.IntLib
Replace Part U1 LM393DR in E:\Desktop\PCB\MotorPCB\motor.SchDoc with LM393DR from motor.SchLib
Replace Part U2 STM32F042K6T6 in E:\Desktop\PCB\MotorPCB\motor.SchDoc with STM32F042K6T6 from motor.SchLib
Replace Part U3 SN65HVD230DR in E:\Desktop\PCB\MotorPCB\motor.SchDoc with SN65HVD230DR from motor.SchLib
Replace Part U4 MIC3975-3.3BMM in E:\Desktop\PCB\MotorPCB\motor.SchDoc with MIC3975-3.3BMM from motor.SchLib
Replace Part X1 XTAL ACT530SMX-4 in E:\Desktop\PCB\MotorPCB\motor.SchDoc with XTAL ACT530SMX-4 from motor.SchLib
