Replace Part C? Cap Semi in E:\Desktop\PCB\MotorPCB\motor.SchDoc with Cap Semi from Miscellaneous Devices.IntLib
Replace Part C? Cap Semi in E:\Desktop\PCB\MotorPCB\motor.SchDoc with Cap Semi from Miscellaneous Devices.IntLib
Replace Part C? Cap Semi in E:\Desktop\PCB\MotorPCB\motor.SchDoc with Cap Semi from Miscellaneous Devices.IntLib
Replace Part C? Cap Semi in E:\Desktop\PCB\MotorPCB\motor.SchDoc with Cap Semi from Miscellaneous Devices.IntLib
Replace Part C? Cap Semi in E:\Desktop\PCB\MotorPCB\motor.SchDoc with Cap Semi from Miscellaneous Devices.IntLib
Replace Part C? Cap Semi in E:\Desktop\PCB\MotorPCB\motor.SchDoc with Cap Semi from Miscellaneous Devices.IntLib
Replace Part C? Cap Semi in E:\Desktop\PCB\MotorPCB\motor.SchDoc with Cap Semi from Miscellaneous Devices.IntLib
Replace Part C? Cap Semi in E:\Desktop\PCB\MotorPCB\motor.SchDoc with Cap Semi from Miscellaneous Devices.IntLib
Replace Part C? Cap Semi in E:\Desktop\PCB\MotorPCB\motor.SchDoc with Cap Semi from Miscellaneous Devices.IntLib
Replace Part CONN? JST-2 in E:\Desktop\PCB\MotorPCB\motor.SchDoc with JST-2 from motor.SchLib
Replace Part CONN? Hdr 5 Pin 0.1 in E:\Desktop\PCB\MotorPCB\motor.SchDoc with Hdr 5 Pin 0.1 from motor.SchLib
Replace Part CONN? JST-5_1 in E:\Desktop\PCB\MotorPCB\motor.SchDoc with JST-5_1 from motor.SchLib
Replace Part D? LED 603 Bl in E:\Desktop\PCB\MotorPCB\motor.SchDoc with LED 603 Bl from motor.SchLib
Replace Part D? LED 603 Gr in E:\Desktop\PCB\MotorPCB\motor.SchDoc with LED 603 Gr from motor.SchLib
Replace Part D? LED 603 Bl in E:\Desktop\PCB\MotorPCB\motor.SchDoc with LED 603 Bl from motor.SchLib
Replace Part R? Res3 in E:\Desktop\PCB\MotorPCB\motor.SchDoc with Res3 from Miscellaneous Devices.IntLib
Replace Part R? Res3 in E:\Desktop\PCB\MotorPCB\motor.SchDoc with Res3 from Miscellaneous Devices.IntLib
Replace Part R? Res3 in E:\Desktop\PCB\MotorPCB\motor.SchDoc with Res3 from Miscellaneous Devices.IntLib
Replace Part R? Res3 in E:\Desktop\PCB\MotorPCB\motor.SchDoc with Res3 from Miscellaneous Devices.IntLib
Replace Part R? Res3 in E:\Desktop\PCB\MotorPCB\motor.SchDoc with Res3 from Miscellaneous Devices.IntLib
Replace Part R? Res3 in E:\Desktop\PCB\MotorPCB\motor.SchDoc with Res3 from Miscellaneous Devices.IntLib
Replace Part R? Res3 in E:\Desktop\PCB\MotorPCB\motor.SchDoc with Res3 from Miscellaneous Devices.IntLib
Replace Part R? Res3 in E:\Desktop\PCB\MotorPCB\motor.SchDoc with Res3 from Miscellaneous Devices.IntLib
Replace Part R? Res3 in E:\Desktop\PCB\MotorPCB\motor.SchDoc with Res3 from Miscellaneous Devices.IntLib
Replace Part R? Res3 in E:\Desktop\PCB\MotorPCB\motor.SchDoc with Res3 from Miscellaneous Devices.IntLib
Replace Part R? Res3 in E:\Desktop\PCB\MotorPCB\motor.SchDoc with Res3 from Miscellaneous Devices.IntLib
Replace Part R? Res3 in E:\Desktop\PCB\MotorPCB\motor.SchDoc with Res3 from Miscellaneous Devices.IntLib
Replace Part R? Res3 in E:\Desktop\PCB\MotorPCB\motor.SchDoc with Res3 from Miscellaneous Devices.IntLib
Replace Part R? Res3 in E:\Desktop\PCB\MotorPCB\motor.SchDoc with Res3 from Miscellaneous Devices.IntLib
Replace Part U? SN65HVD230DR in E:\Desktop\PCB\MotorPCB\motor.SchDoc with SN65HVD230DR from motor.SchLib
Replace Part U? LM393DR in E:\Desktop\PCB\MotorPCB\motor.SchDoc with LM393DR from motor.SchLib
Replace Part U? STM32F042K6T6 in E:\Desktop\PCB\MotorPCB\motor.SchDoc with STM32F042K6T6 from motor.SchLib
Replace Part X? XTAL ACT530SMX-4 in E:\Desktop\PCB\MotorPCB\motor.SchDoc with XTAL ACT530SMX-4 from motor.SchLib
